<?xml version="1.0" encoding="UTF-8"?>
<!-- Generated by org.testng.reporters.JUnitReportReporter -->
<testsuite skipped="0" hostname="srijan-ThinkPad-E470" name="loginPage.Login" tests="2" failures="0" timestamp="13 Oct 2017 10:08:00 GMT" time="16.672" errors="0">
  <testcase name="LoginInitialisation" time="0.038" classname="loginPage.Login"/>
  <testcase name="logIn" time="16.634" classname="loginPage.Login"/>
</testsuite> <!-- loginPage.Login -->
