<?xml version="1.0" encoding="UTF-8"?>
<!-- Generated by org.testng.reporters.JUnitReportReporter -->
<testsuite skipped="0" hostname="srijan-ThinkPad-E470" name="loginPage.Registration" tests="3" failures="0" timestamp="13 Oct 2017 10:08:00 GMT" time="67.131" errors="0">
  <testcase name="registeration_fields_check" time="3.314" classname="loginPage.Registration"/>
  <testcase name="initialisation" time="16.919" classname="loginPage.Registration"/>
  <testcase name="register" time="46.898" classname="loginPage.Registration"/>
</testsuite> <!-- loginPage.Registration -->
